<?xml version="1.0" encoding="UTF-8"?>
<!-- Generated by org.testng.reporters.JUnitReportReporter -->
<testsuite hostname="vansh-PC" failures="0" tests="3" name="com.cjcwebapp.Magento.Test.Magento_onlineshopping_Test" time="52.053" errors="0" timestamp="2023-10-31T16:35:34 IST" skipped="0">
  <testcase classname="com.cjcwebapp.Magento.Test.Magento_onlineshopping_Test" name="Loging_Test" time="11.872"/>
  <system-out/>
  <testcase classname="com.cjcwebapp.Magento.Test.Magento_onlineshopping_Test" name="Add_to_product_Test" time="28.633"/>
  <system-out/>
  <testcase classname="com.cjcwebapp.Magento.Test.Magento_onlineshopping_Test" name="Address_Detailst_Test" time="11.548"/>
  <system-out/>
</testsuite> <!-- com.cjcwebapp.Magento.Test.Magento_onlineshopping_Test -->
