<?xml version="1.0" encoding="UTF-8"?>
<!-- Generated by org.testng.reporters.JUnitReportReporter -->
<testsuite hostname="vansh-PC" failures="0" tests="2" name="com.cjcwebapp.Magento.Test.Magento_onlineshopping" time="7.508" errors="0" timestamp="2023-10-12T18:18:57 IST" skipped="0">
  <testcase classname="com.cjcwebapp.Magento.Test.Magento_onlineshopping" name="Registration_Test" time="4.410"/>
  <system-out/>
  <testcase classname="com.cjcwebapp.Magento.Test.Magento_onlineshopping" name="Lout_Test" time="3.098"/>
  <system-out/>
</testsuite> <!-- com.cjcwebapp.Magento.Test.Magento_onlineshopping -->
